# JRE version: Java(TM) SE Runtime Environment (8.0_112-b15) (build 1.8.0_112-b15)
# Java VM: Java HotSpot(TM) 64-Bit Server VM (25.112-b15 mixed mode windows-amd64 compressed oops)
Heap:
 PSYoungGen      total 57856K, used 28513K [0x00000007bc400000, 0x00000007c0000000, 0x00000007c0000000)
  eden space 54272K, 48% used [0x00000007bc400000,0x00000007bdde9ab8,0x00000007bf900000)
  from space 3584K, 55% used [0x00000007bfc80000,0x00000007bfe6ea48,0x00000007c0000000)
  to   space 3584K, 0% used [0x00000007bf900000,0x00000007bf900000,0x00000007bfc80000)
 ParOldGen       total 152576K, used 84510K [0x0000000700000000, 0x0000000709500000, 0x00000007bc400000)
  object space 152576K, 55% used [0x0000000700000000,0x0000000705287890,0x0000000709500000)
 Metaspace       used 92262K, capacity 93199K, committed 93952K, reserved 1130496K
  class space    used 13552K, capacity 13720K, committed 13824K, reserved 1048576K
GC Heap History (10 events):
Event: 21866.951 GC heap before
{Heap before GC invocations=1801 (full 317):
 PSYoungGen      total 56832K, used 53818K [0x00000007bc400000, 0x00000007c0000000, 0x00000007c0000000)
  eden space 52224K, 100% used [0x00000007bc400000,0x00000007bf700000,0x00000007bf700000)
  from space 4608K, 34% used [0x00000007bf700000,0x00000007bf88ea48,0x00000007bfb80000)
  to   space 4096K, 0% used [0x00000007bfc00000,0x00000007bfc00000,0x00000007c0000000)
 ParOldGen       total 152576K, used 84510K [0x0000000700000000, 0x0000000709500000, 0x00000007bc400000)
  object space 152576K, 55% used [0x0000000700000000,0x0000000705287890,0x0000000709500000)
 Metaspace       used 92261K, capacity 93199K, committed 93952K, reserved 1130496K
  class space    used 13552K, capacity 13720K, committed 13824K, reserved 1048576K
Event: 21866.957 GC heap after
Heap after GC invocations=1801 (full 317):
 PSYoungGen      total 57344K, used 1690K [0x00000007bc400000, 0x00000007c0000000, 0x00000007c0000000)
  eden space 53248K, 0% used [0x00000007bc400000,0x00000007bc400000,0x00000007bf800000)
  from space 4096K, 41% used [0x00000007bfc00000,0x00000007bfda6a48,0x00000007c0000000)
  to   space 4096K, 0% used [0x00000007bf800000,0x00000007bf800000,0x00000007bfc00000)
 ParOldGen       total 152576K, used 84510K [0x0000000700000000, 0x0000000709500000, 0x00000007bc400000)
  object space 152576K, 55% used [0x0000000700000000,0x0000000705287890,0x0000000709500000)
 Metaspace       used 92261K, capacity 93199K, committed 93952K, reserved 1130496K
  class space    used 13552K, capacity 13720K, committed 13824K, reserved 1048576K
}
Event: 21872.218 GC heap before
{Heap before GC invocations=1802 (full 317):
 PSYoungGen      total 57344K, used 54938K [0x00000007bc400000, 0x00000007c0000000, 0x00000007c0000000)
  eden space 53248K, 100% used [0x00000007bc400000,0x00000007bf800000,0x00000007bf800000)
  from space 4096K, 41% used [0x00000007bfc00000,0x00000007bfda6a48,0x00000007c0000000)
  to   space 4096K, 0% used [0x00000007bf800000,0x00000007bf800000,0x00000007bfc00000)
 ParOldGen       total 152576K, used 84510K [0x0000000700000000, 0x0000000709500000, 0x00000007bc400000)
  object space 152576K, 55% used [0x0000000700000000,0x0000000705287890,0x0000000709500000)
 Metaspace       used 92262K, capacity 93199K, committed 93952K, reserved 1130496K
  class space    used 13552K, capacity 13720K, committed 13824K, reserved 1048576K
Event: 21872.224 GC heap after
Heap after GC invocations=1802 (full 317):
 PSYoungGen      total 57344K, used 1882K [0x00000007bc400000, 0x00000007c0000000, 0x00000007c0000000)
  eden space 53248K, 0% used [0x00000007bc400000,0x00000007bc400000,0x00000007bf800000)
  from space 4096K, 45% used [0x00000007bf800000,0x00000007bf9d6a48,0x00000007bfc00000)
  to   space 4096K, 0% used [0x00000007bfc00000,0x00000007bfc00000,0x00000007c0000000)
 ParOldGen       total 152576K, used 84510K [0x0000000700000000, 0x0000000709500000, 0x00000007bc400000)
  object space 152576K, 55% used [0x0000000700000000,0x0000000705287890,0x0000000709500000)
 Metaspace       used 92262K, capacity 93199K, committed 93952K, reserved 1130496K
  class space    used 13552K, capacity 13720K, committed 13824K, reserved 1048576K
}
Event: 21872.845 GC heap before
{Heap before GC invocations=1803 (full 317):
 PSYoungGen      total 57344K, used 55130K [0x00000007bc400000, 0x00000007c0000000, 0x00000007c0000000)
  eden space 53248K, 100% used [0x00000007bc400000,0x00000007bf800000,0x00000007bf800000)
  from space 4096K, 45% used [0x00000007bf800000,0x00000007bf9d6a48,0x00000007bfc00000)
  to   space 4096K, 0% used [0x00000007bfc00000,0x00000007bfc00000,0x00000007c0000000)
 ParOldGen       total 152576K, used 84510K [0x0000000700000000, 0x0000000709500000, 0x00000007bc400000)
  object space 152576K, 55% used [0x0000000700000000,0x0000000705287890,0x0000000709500000)
 Metaspace       used 92262K, capacity 93199K, committed 93952K, reserved 1130496K
  class space    used 13552K, capacity 13720K, committed 13824K, reserved 1048576K
Event: 21872.851 GC heap after
Heap after GC invocations=1803 (full 317):
 PSYoungGen      total 57856K, used 1946K [0x00000007bc400000, 0x00000007c0000000, 0x00000007c0000000)
  eden space 53760K, 0% used [0x00000007bc400000,0x00000007bc400000,0x00000007bf880000)
  from space 4096K, 47% used [0x00000007bfc00000,0x00000007bfde6a48,0x00000007c0000000)
  to   space 3584K, 0% used [0x00000007bf880000,0x00000007bf880000,0x00000007bfc00000)
 ParOldGen       total 152576K, used 84510K [0x0000000700000000, 0x0000000709500000, 0x00000007bc400000)
  object space 152576K, 55% used [0x0000000700000000,0x0000000705287890,0x0000000709500000)
 Metaspace       used 92262K, capacity 93199K, committed 93952K, reserved 1130496K
  class space    used 13552K, capacity 13720K, committed 13824K, reserved 1048576K
}
Event: 21873.337 GC heap before
{Heap before GC invocations=1804 (full 317):
 PSYoungGen      total 57856K, used 55706K [0x00000007bc400000, 0x00000007c0000000, 0x00000007c0000000)
  eden space 53760K, 100% used [0x00000007bc400000,0x00000007bf880000,0x00000007bf880000)
  from space 4096K, 47% used [0x00000007bfc00000,0x00000007bfde6a48,0x00000007c0000000)
  to   space 3584K, 0% used [0x00000007bf880000,0x00000007bf880000,0x00000007bfc00000)
 ParOldGen       total 152576K, used 84510K [0x0000000700000000, 0x0000000709500000, 0x00000007bc400000)
  object space 152576K, 55% used [0x0000000700000000,0x0000000705287890,0x0000000709500000)
 Metaspace       used 92262K, capacity 93199K, committed 93952K, reserved 1130496K
  class space    used 13552K, capacity 13720K, committed 13824K, reserved 1048576K
Event: 21873.342 GC heap after
Heap after GC invocations=1804 (full 317):
 PSYoungGen      total 57344K, used 1978K [0x00000007bc400000, 0x00000007c0000000, 0x00000007c0000000)
  eden space 53760K, 0% used [0x00000007bc400000,0x00000007bc400000,0x00000007bf880000)
  from space 3584K, 55% used [0x00000007bf880000,0x00000007bfa6ea48,0x00000007bfc00000)
  to   space 3584K, 0% used [0x00000007bfc80000,0x00000007bfc80000,0x00000007c0000000)
 ParOldGen       total 152576K, used 84510K [0x0000000700000000, 0x0000000709500000, 0x00000007bc400000)
  object space 152576K, 55% used [0x0000000700000000,0x0000000705287890,0x0000000709500000)
 Metaspace       used 92262K, capacity 93199K, committed 93952K, reserved 1130496K
  class space    used 13552K, capacity 13720K, committed 13824K, reserved 1048576K
}
Event: 21873.770 GC heap before
{Heap before GC invocations=1805 (full 317):
 PSYoungGen      total 57344K, used 55738K [0x00000007bc400000, 0x00000007c0000000, 0x00000007c0000000)
  eden space 53760K, 100% used [0x00000007bc400000,0x00000007bf880000,0x00000007bf880000)
  from space 3584K, 55% used [0x00000007bf880000,0x00000007bfa6ea48,0x00000007bfc00000)
  to   space 3584K, 0% used [0x00000007bfc80000,0x00000007bfc80000,0x00000007c0000000)
 ParOldGen       total 152576K, used 84510K [0x0000000700000000, 0x0000000709500000, 0x00000007bc400000)
  object space 152576K, 55% used [0x0000000700000000,0x0000000705287890,0x0000000709500000)
 Metaspace       used 92262K, capacity 93199K, committed 93952K, reserved 1130496K
  class space    used 13552K, capacity 13720K, committed 13824K, reserved 1048576K
Event: 21873.775 GC heap after
Heap after GC invocations=1805 (full 317):
 PSYoungGen      total 57856K, used 1978K [0x00000007bc400000, 0x00000007c0000000, 0x00000007c0000000)
  eden space 54272K, 0% used [0x00000007bc400000,0x00000007bc400000,0x00000007bf900000)
  from space 3584K, 55% used [0x00000007bfc80000,0x00000007bfe6ea48,0x00000007c0000000)
  to   space 3584K, 0% used [0x00000007bf900000,0x00000007bf900000,0x00000007bfc80000)
 ParOldGen       total 152576K, used 84510K [0x0000000700000000, 0x0000000709500000, 0x00000007bc400000)
  object space 152576K, 55% used [0x0000000700000000,0x0000000705287890,0x0000000709500000)
 Metaspace       used 92262K, capacity 93199K, committed 93952K, reserved 1130496K
  class space    used 13552K, capacity 13720K, committed 13824K, reserved 1048576K
}

